[LOG] SystemI::init                            : FMOD Studio Version: 00010812 (80229)
[LOG] SystemI::init                            : maxchannels = 1024, flags = 00030000, extradriverdata = 0000000000000000
[LOG] SystemI::close                           : 
[LOG] SystemI::close                           : Stop all sounds
[LOG] SystemI::close                           : done.

[LOG] OutputWASAPI::init                       : Mix Format (WAVEFORMATEX): wFormatTag=0xFFFE, nChannels=2, nSamplesPerSec=48000, nAvgBytesPerSec=384000, nBlockAlign=8, wBitsPerSample=32, cbSize=22.
[LOG] OutputWASAPI::init                       : Mix Format (WAVEFORMATEXTENSIBLE): wValidBitsPerSample=32, dwChannelMask=0x00000003, SubFormat=00000003-0000-0010-8000-00AA00389B71.
[LOG] OutputWASAPI::init                       : Output buffer size: 4096 samples, latency: 0.00ms, period: 10.00ms, DSP buffer: 1024 * 4
[LOG] Thread::initThread                       : Initializing FMOD mixer thread.  priority 3
[LOG] Thread::initThread                       : - Stacksize 49152.  Stack pointer 0000000000000000 : usesemaphore = 0 : sleeptime = 0
[LOG] Thread::callback                         : * FMOD mixer thread started
[LOG] SystemI::init                            : Set up emulated output
[LOG] SystemI::init                            : create the channel pool
[LOG] Thread::initThread                       : Initializing FMOD stream thread.  priority 2
[LOG] Thread::initThread                       : - Stacksize 65536.  Stack pointer 0000000000000000 : usesemaphore = 0 : sleeptime = 10
[LOG] Thread::callback                         : * FMOD stream thread started
[LOG] Thread::initThread                       : Initializing FMOD Studio update thread.  priority 0
[LOG] Thread::initThread                       : - Stacksize 65536.  Stack pointer 0000000000000000 : usesemaphore = 0 : sleeptime = 1
[LOG] Thread::callback                         : * FMOD Studio update thread started
[LOG] Thread::initThread                       : Initializing FMOD Studio sample load thread.  priority 0
[LOG] Thread::initThread                       : - Stacksize 65536.  Stack pointer 0000000000000000 : usesemaphore = 0 : sleeptime = 1
[LOG] Thread::callback                         : * FMOD Studio sample load thread started
[LOG] LiveUpdate::init                         : 
[LOG] Thread::initThread                       : Initializing FMOD Studio bank load thread.  priority 0
[LOG] Thread::initThread                       : - Stacksize 65536.  Stack pointer 0000000000000000 : usesemaphore = 0 : sleeptime = 1
[LOG] Thread::callback                         : * FMOD Studio bank load thread started
[LOG] Profile::init                            : Profiler listening on port: 9264
[LOG] Manager::readBank                        : fileversion = 80, compatVersion = 70 (oldest = 44, newest = 80)
[LOG] Manager::readBank                        : fileversion = 80, compatVersion = 70 (oldest = 44, newest = 80)
[LOG] PlaybackSystem::acquireMasterBus         : Setting master channel group format to 6
[LOG] SystemI::createSound                     : filename = FMOD Project/Build\Desktop/Master Bank.bank : mode 02010082
[LOG] SystemI::createSound                     : FMOD_NONBLOCKING specified.  Putting into queue to be opened asynchronously!
[LOG] Thread::initThread                       : Initializing FMOD nonblocking thread (0).  priority 1
[LOG] Thread::initThread                       : - Stacksize 81920.  Stack pointer 0000000000000000 : usesemaphore = 1 : sleeptime = 0
[LOG] Thread::callback                         : * FMOD nonblocking thread (0) started
[LOG] SystemI::createSound                     : setdata soundi = 000000000C62D738 : node = 0000000011292E40
[LOG] SystemI::createSound                     : add node to async list : head = 000000002D02E298.  list count = 0
[LOG] SystemI::createSound                     : filename = FMOD Project/Build\Desktop/Master Bank.bank : mode 02010082
[LOG] SystemI::createSound                     : FMOD_NONBLOCKING specified.  Putting into queue to be opened asynchronously!
[LOG] AsyncThread::threadFunc                  : Starting Asynchronous operation on sound 000000000C62D738
[LOG] SystemI::createSound                     : setdata soundi = 000000000C62D598 : node = 0000000011293620
[LOG] SystemI::createSoundInternal             :     filename = FMOD Project/Build\Desktop/Master Bank.bank : mode 02010082
[LOG] SystemI::createSound                     :     add node to async list : head = 000000002D02E298.  list count = 0
[LOG] SystemI::createSoundInternal             :     exinfo->cbsize             = 232
[LOG] SystemI::createSoundInternal             :     exinfo->length             = 9424160
[LOG] SystemI::createSound                     :     filename = FMOD Project/Build\Desktop/Master Bank.bank : mode 02010082
[LOG] SystemI::createSoundInternal             :     exinfo->fileoffset         = 25504
[LOG] SystemI::createSound                     :     FMOD_NONBLOCKING specified.  Putting into queue to be opened asynchronously!
[LOG] SystemI::createSoundInternal             :     exinfo->numsubsounds       = 1
[LOG] SystemI::createSoundInternal             :     exinfo->inclusionlist      = 0000000011292F58
[LOG] SystemI::createSound                     :     setdata soundi = 000000000C62E778 : node = 0000000011292F90
[LOG] SystemI::createSoundInternal             :     exinfo->inclusionlistnum   = 1
[LOG] SystemI::createSound                     :     add node to async list : head = 000000002D02E298.  list count = 1
[LOG] SystemI::createSoundInternal             :     exinfo->suggestedsoundtype = 5
[LOG] SystemI::createSoundInternal             :     exinfo->initialseekpostype = 1
[LOG] SystemI::createSound                     :     filename = FMOD Project/Build\Desktop/Master Bank.bank : mode 02010082
[LOG] SystemI::createSound                     :     FMOD_NONBLOCKING specified.  Putting into queue to be opened asynchronously!
[LOG] SystemI::createSound                     :     setdata soundi = 000000000C62DC18 : node = 000000003DBBCC40
[LOG] SystemI::createSound                     :     add node to async list : head = 000000002D02E298.  list count = 2
[LOG] SystemI::createSound                     :     filename = FMOD Project/Build\Desktop/Master Bank.bank : mode 02010082
[LOG] SystemI::createSound                     :     FMOD_NONBLOCKING specified.  Putting into queue to be opened asynchronously!
[LOG] SystemI::createSound                     :     setdata soundi = 000000000C62CBD8 : node = 000000003DBBB0B0
[LOG] SystemI::createSound                     :     add node to async list : head = 000000002D02E298.  list count = 3
[LOG] SystemI::createSound                     :     filename = FMOD Project/Build\Desktop/Master Bank.bank : mode 02010082
[LOG] SystemI::createSound                     :     FMOD_NONBLOCKING specified.  Putting into queue to be opened asynchronously!
[LOG] SystemI::createSound                     :     setdata soundi = 000000000C62CF18 : node = 000000003DBBC9A0
[LOG] SystemI::createSound                     :     add node to async list : head = 000000002D02E298.  list count = 4
[LOG] SystemI::createSound                     :     filename = FMOD Project/Build\Desktop/Master Bank.bank : mode 02010082
[LOG] SystemI::createSound                     :     FMOD_NONBLOCKING specified.  Putting into queue to be opened asynchronously!
[LOG] SystemI::createSound                     :     setdata soundi = 000000000C62E438 : node = 000000003DBBBC80
[LOG] SystemI::createSound                     :     add node to async list : head = 000000002D02E298.  list count = 5
[LOG] SystemI::createSound                     :     filename = FMOD Project/Build\Desktop/Master Bank.bank : mode 02010082
[LOG] SystemI::createSound                     :     FMOD_NONBLOCKING specified.  Putting into queue to be opened asynchronously!
[LOG] SystemI::createSound                     :     setdata soundi = 000000000C62D258 : node = 000000003DBBB200
[LOG] SystemI::createSound                     :     add node to async list : head = 000000002D02E298.  list count = 6
[LOG] SystemI::createSound                     :     filename = FMOD Project/Build\Desktop/Master Bank.bank : mode 02010082
[LOG] SystemI::createSound                     :     FMOD_NONBLOCKING specified.  Putting into queue to be opened asynchronously!
[LOG] SystemI::createSound                     :     setdata soundi = 000000000C62E298 : node = 000000003DBBBDD0
[LOG] SystemI::createSound                     :     add node to async list : head = 000000002D02E298.  list count = 7
[LOG] SystemI::createSoundInternal             :     Format has 1 subsounds.
[LOG] SystemI::createSoundInternal             :     Create as FMOD_CREATESTREAM
[LOG] System::createSoundInternal              :     decode buffersize = 19200 : blocksize = 256 : format = 2
[LOG] SystemI::createSample                    :     mode 02010082 length 19200 samples, lengthbytes 865120
[LOG] SystemI::createSample                    :     channels = 2
[LOG] SystemI::createSample                    :     output = 000000003D95CA98
[LOG] OutputSoftware::createSample             :     lengthpcm 19200, lengthbytes 865120, channels 2, format 2, freq 48000, mode 0201008a
[LOG] System::createSoundInternal              :     1 subsounds detected.
[LOG] System::createSoundInternal              :     Seek stream to start
[LOG] System::createSoundInternal              :     flush stream buffer
[LOG] System::createSoundInternal              :     flush successful.
[LOG] System::createSoundInternal              :     switch file handle from small blocking single buffered to large nonblocking doublebuffered.
[LOG] Thread::initThread                       :         Initializing FMOD file thread.  priority 1
[LOG] Thread::initThread                       :         - Stacksize 16384.  Stack pointer 0000000000000000 : usesemaphore = 0 : sleeptime = 10
[LOG] Thread::callback                         :         * FMOD file thread started
[LOG] SystemI::createSoundInternal             :     done.  OpenState now = FMOD_OPENSTATE_READY.

[LOG] AsyncThread::threadFunc                  : Finished Asynchronous operation on sound 000000000C62D738
[LOG] AsyncThread::threadFunc                  : Starting Asynchronous operation on sound 000000000C62D598
[LOG] SystemI::createSoundInternal             :     filename = FMOD Project/Build\Desktop/Master Bank.bank : mode 02010082
[LOG] SystemI::createSoundInternal             :     exinfo->cbsize             = 232
[LOG] SystemI::createSoundInternal             :     exinfo->length             = 9424160
[LOG] SystemI::createSoundInternal             :     exinfo->fileoffset         = 25504
[LOG] SystemI::createSoundInternal             :     exinfo->numsubsounds       = 1
[LOG] SystemI::createSoundInternal             :     exinfo->inclusionlist      = 0000000011293738
[LOG] SystemI::createSoundInternal             :     exinfo->inclusionlistnum   = 1
[LOG] SystemI::createSoundInternal             :     exinfo->suggestedsoundtype = 5
[LOG] SystemI::createSoundInternal             :     exinfo->initialseekpostype = 1
[LOG] SystemI::createSoundInternal             :     Format has 1 subsounds.
[LOG] SystemI::createSoundInternal             :     Create as FMOD_CREATESTREAM
[LOG] System::createSoundInternal              :     decode buffersize = 19200 : blocksize = 256 : format = 2
[LOG] SystemI::createSample                    :     mode 02010082 length 19200 samples, lengthbytes 898720
[LOG] SystemI::createSample                    :     channels = 2
[LOG] SystemI::createSample                    :     output = 000000003D95CA98
[LOG] OutputSoftware::createSample             :     lengthpcm 19200, lengthbytes 898720, channels 2, format 2, freq 48000, mode 0201008a
[LOG] System::createSoundInternal              :     1 subsounds detected.
[LOG] System::createSoundInternal              :     Seek stream to start
[LOG] System::createSoundInternal              :     flush stream buffer
[LOG] System::createSoundInternal              :     flush successful.
[LOG] System::createSoundInternal              :     switch file handle from small blocking single buffered to large nonblocking doublebuffered.
[LOG] SystemI::createSoundInternal             :     done.  OpenState now = FMOD_OPENSTATE_READY.

[LOG] AsyncThread::threadFunc                  : Finished Asynchronous operation on sound 000000000C62D598
[LOG] AsyncThread::threadFunc                  : Starting Asynchronous operation on sound 000000000C62E778
[LOG] SystemI::createSoundInternal             :     filename = FMOD Project/Build\Desktop/Master Bank.bank : mode 02010082
[LOG] SystemI::createSoundInternal             :     exinfo->cbsize             = 232
[LOG] SystemI::createSoundInternal             :     exinfo->length             = 9424160
[LOG] SystemI::createSoundInternal             :     exinfo->fileoffset         = 25504
[LOG] SystemI::createSoundInternal             :     exinfo->numsubsounds       = 1
[LOG] SystemI::createSoundInternal             :     exinfo->inclusionlist      = 00000000112930A8
[LOG] SystemI::createSoundInternal             :     exinfo->inclusionlistnum   = 1
[LOG] SystemI::createSoundInternal             :     exinfo->suggestedsoundtype = 5
[LOG] SystemI::createSoundInternal             :     exinfo->initialseekpostype = 1
[LOG] SystemI::createSoundInternal             :     Format has 1 subsounds.
[LOG] SystemI::createSoundInternal             :     Create as FMOD_CREATESTREAM
[LOG] System::createSoundInternal              :     decode buffersize = 19200 : blocksize = 256 : format = 2
[LOG] SystemI::createSample                    :     mode 02010082 length 19200 samples, lengthbytes 925504
[LOG] SystemI::createSample                    :     channels = 2
[LOG] SystemI::createSample                    :     output = 000000003D95CA98
[LOG] OutputSoftware::createSample             :     lengthpcm 19200, lengthbytes 925504, channels 2, format 2, freq 48000, mode 0201008a
[LOG] System::createSoundInternal              :     1 subsounds detected.
[LOG] System::createSoundInternal              :     Seek stream to start
[LOG] System::createSoundInternal              :     flush stream buffer
[LOG] System::createSoundInternal              :     flush successful.
[LOG] System::createSoundInternal              :     switch file handle from small blocking single buffered to large nonblocking doublebuffered.
[LOG] SystemI::createSoundInternal             :     done.  OpenState now = FMOD_OPENSTATE_READY.

[LOG] AsyncThread::threadFunc                  : Finished Asynchronous operation on sound 000000000C62E778
[LOG] AsyncThread::threadFunc                  : Starting Asynchronous operation on sound 000000000C62DC18
[LOG] SystemI::createSoundInternal             :     filename = FMOD Project/Build\Desktop/Master Bank.bank : mode 02010082
[LOG] SystemI::createSoundInternal             :     exinfo->cbsize             = 232
[LOG] SystemI::createSoundInternal             :     exinfo->length             = 9424160
[LOG] SystemI::createSoundInternal             :     exinfo->fileoffset         = 25504
[LOG] SystemI::createSoundInternal             :     exinfo->numsubsounds       = 1
[LOG] SystemI::createSoundInternal             :     exinfo->inclusionlist      = 000000003DBBCD58
[LOG] SystemI::createSoundInternal             :     exinfo->inclusionlistnum   = 1
[LOG] SystemI::createSoundInternal             :     exinfo->suggestedsoundtype = 5
[LOG] SystemI::createSoundInternal             :     exinfo->initialseekpostype = 1
[LOG] SystemI::createSoundInternal             :     Format has 1 subsounds.
[LOG] SystemI::createSoundInternal             :     Create as FMOD_CREATESTREAM
[LOG] System::createSoundInternal              :     decode buffersize = 19200 : blocksize = 256 : format = 2
[LOG] SystemI::createSample                    :     mode 02010082 length 19200 samples, lengthbytes 899360
[LOG] SystemI::createSample                    :     channels = 2
[LOG] SystemI::createSample                    :     output = 000000003D95CA98
[LOG] OutputSoftware::createSample             :     lengthpcm 19200, lengthbytes 899360, channels 2, format 2, freq 48000, mode 0201008a
[LOG] System::createSoundInternal              :     1 subsounds detected.
[LOG] System::createSoundInternal              :     Seek stream to start
[LOG] System::createSoundInternal              :     flush stream buffer
[LOG] System::createSoundInternal              :     flush successful.
[LOG] System::createSoundInternal              :     switch file handle from small blocking single buffered to large nonblocking doublebuffered.
[LOG] SystemI::createSoundInternal             :     done.  OpenState now = FMOD_OPENSTATE_READY.

[LOG] AsyncThread::threadFunc                  : Finished Asynchronous operation on sound 000000000C62DC18
[LOG] AsyncThread::threadFunc                  : Starting Asynchronous operation on sound 000000000C62CBD8
[LOG] SystemI::createSoundInternal             :     filename = FMOD Project/Build\Desktop/Master Bank.bank : mode 02010082
[LOG] SystemI::createSoundInternal             :     exinfo->cbsize             = 232
[LOG] SystemI::createSoundInternal             :     exinfo->length             = 9424160
[LOG] SystemI::createSoundInternal             :     exinfo->fileoffset         = 25504
[LOG] SystemI::createSoundInternal             :     exinfo->numsubsounds       = 1
[LOG] SystemI::createSoundInternal             :     exinfo->inclusionlist      = 000000003DBBB1C8
[LOG] SystemI::createSoundInternal             :     exinfo->inclusionlistnum   = 1
[LOG] SystemI::createSoundInternal             :     exinfo->suggestedsoundtype = 5
[LOG] SystemI::createSoundInternal             :     exinfo->initialseekpostype = 1
[LOG] SystemI::createSoundInternal             :     Format has 1 subsounds.
[LOG] SystemI::createSoundInternal             :     Create as FMOD_CREATESTREAM
[LOG] System::createSoundInternal              :     decode buffersize = 19200 : blocksize = 256 : format = 2
[LOG] SystemI::createSample                    :     mode 02010082 length 19200 samples, lengthbytes 906784
[LOG] SystemI::createSample                    :     channels = 2
[LOG] SystemI::createSample                    :     output = 000000003D95CA98
[LOG] OutputSoftware::createSample             :     lengthpcm 19200, lengthbytes 906784, channels 2, format 2, freq 48000, mode 0201008a
[LOG] System::createSoundInternal              :     1 subsounds detected.
[LOG] System::createSoundInternal              :     Seek stream to start
[LOG] System::createSoundInternal              :     flush stream buffer
[LOG] System::createSoundInternal              :     flush successful.
[LOG] System::createSoundInternal              :     switch file handle from small blocking single buffered to large nonblocking doublebuffered.
[LOG] SystemI::createSoundInternal             :     done.  OpenState now = FMOD_OPENSTATE_READY.

[LOG] AsyncThread::threadFunc                  : Finished Asynchronous operation on sound 000000000C62CBD8
[LOG] AsyncThread::threadFunc                  : Starting Asynchronous operation on sound 000000000C62CF18
[LOG] SystemI::createSoundInternal             :     filename = FMOD Project/Build\Desktop/Master Bank.bank : mode 02010082
[LOG] SystemI::createSoundInternal             :     exinfo->cbsize             = 232
[LOG] SystemI::createSoundInternal             :     exinfo->length             = 9424160
[LOG] SystemI::createSoundInternal             :     exinfo->fileoffset         = 25504
[LOG] SystemI::createSoundInternal             :     exinfo->numsubsounds       = 1
[LOG] SystemI::createSoundInternal             :     exinfo->inclusionlist      = 000000003DBBCAB8
[LOG] SystemI::createSoundInternal             :     exinfo->inclusionlistnum   = 1
[LOG] SystemI::createSoundInternal             :     exinfo->suggestedsoundtype = 5
[LOG] SystemI::createSoundInternal             :     exinfo->initialseekpostype = 1
[LOG] SystemI::createSoundInternal             :     Format has 1 subsounds.
[LOG] SystemI::createSoundInternal             :     Create as FMOD_CREATESTREAM
[LOG] System::createSoundInternal              :     decode buffersize = 19200 : blocksize = 256 : format = 2
[LOG] SystemI::createSample                    :     mode 02010082 length 19200 samples, lengthbytes 802080
[LOG] SystemI::createSample                    :     channels = 2
[LOG] SystemI::createSample                    :     output = 000000003D95CA98
[LOG] OutputSoftware::createSample             :     lengthpcm 19200, lengthbytes 802080, channels 2, format 2, freq 48000, mode 0201008a
[LOG] System::createSoundInternal              :     1 subsounds detected.
[LOG] System::createSoundInternal              :     Seek stream to start
[LOG] System::createSoundInternal              :     flush stream buffer
[LOG] System::createSoundInternal              :     flush successful.
[LOG] System::createSoundInternal              :     switch file handle from small blocking single buffered to large nonblocking doublebuffered.
[LOG] SystemI::createSoundInternal             :     done.  OpenState now = FMOD_OPENSTATE_READY.

[LOG] AsyncThread::threadFunc                  : Finished Asynchronous operation on sound 000000000C62CF18
[LOG] AsyncThread::threadFunc                  : Starting Asynchronous operation on sound 000000000C62E438
[LOG] SystemI::createSoundInternal             :     filename = FMOD Project/Build\Desktop/Master Bank.bank : mode 02010082
[LOG] SystemI::createSoundInternal             :     exinfo->cbsize             = 232
[LOG] SystemI::createSoundInternal             :     exinfo->length             = 9424160
[LOG] SystemI::createSoundInternal             :     exinfo->fileoffset         = 25504
[LOG] SystemI::createSoundInternal             :     exinfo->numsubsounds       = 1
[LOG] SystemI::createSoundInternal             :     exinfo->inclusionlist      = 000000003DBBBD98
[LOG] SystemI::createSoundInternal             :     exinfo->inclusionlistnum   = 1
[LOG] SystemI::createSoundInternal             :     exinfo->suggestedsoundtype = 5
[LOG] SystemI::createSoundInternal             :     exinfo->initialseekpostype = 1
[LOG] SystemI::createSoundInternal             :     Format has 1 subsounds.
[LOG] SystemI::createSoundInternal             :     Create as FMOD_CREATESTREAM
[LOG] System::createSoundInternal              :     decode buffersize = 19200 : blocksize = 256 : format = 2
[LOG] SystemI::createSample                    :     mode 02010082 length 19200 samples, lengthbytes 937440
[LOG] SystemI::createSample                    :     channels = 2
[LOG] SystemI::createSample                    :     output = 000000003D95CA98
[LOG] OutputSoftware::createSample             :     lengthpcm 19200, lengthbytes 937440, channels 2, format 2, freq 48000, mode 0201008a
[LOG] System::createSoundInternal              :     1 subsounds detected.
[LOG] System::createSoundInternal              :     Seek stream to start
[LOG] System::createSoundInternal              :     flush stream buffer
[LOG] System::createSoundInternal              :     flush successful.
[LOG] System::createSoundInternal              :     switch file handle from small blocking single buffered to large nonblocking doublebuffered.
[LOG] SystemI::createSoundInternal             :     done.  OpenState now = FMOD_OPENSTATE_READY.

[LOG] AsyncThread::threadFunc                  : Finished Asynchronous operation on sound 000000000C62E438
[LOG] AsyncThread::threadFunc                  : Starting Asynchronous operation on sound 000000000C62D258
[LOG] SystemI::createSoundInternal             :     filename = FMOD Project/Build\Desktop/Master Bank.bank : mode 02010082
[LOG] SystemI::createSoundInternal             :     exinfo->cbsize             = 232
[LOG] SystemI::createSoundInternal             :     exinfo->length             = 9424160
[LOG] SystemI::createSoundInternal             :     exinfo->fileoffset         = 25504
[LOG] SystemI::createSoundInternal             :     exinfo->numsubsounds       = 1
[LOG] SystemI::createSoundInternal             :     exinfo->inclusionlist      = 000000003DBBB318
[LOG] SystemI::createSoundInternal             :     exinfo->inclusionlistnum   = 1
[LOG] SystemI::createSoundInternal             :     exinfo->suggestedsoundtype = 5
[LOG] SystemI::createSoundInternal             :     exinfo->initialseekpostype = 1
[LOG] SystemI::createSoundInternal             :     Format has 1 subsounds.
[LOG] SystemI::createSoundInternal             :     Create as FMOD_CREATESTREAM
[LOG] System::createSoundInternal              :     decode buffersize = 19200 : blocksize = 256 : format = 2
[LOG] SystemI::createSample                    :     mode 02010082 length 19200 samples, lengthbytes 887136
[LOG] SystemI::createSample                    :     channels = 2
[LOG] SystemI::createSample                    :     output = 000000003D95CA98
[LOG] OutputSoftware::createSample             :     lengthpcm 19200, lengthbytes 887136, channels 2, format 2, freq 48000, mode 0201008a
[LOG] System::createSoundInternal              :     1 subsounds detected.
[LOG] System::createSoundInternal              :     Seek stream to start
[LOG] System::createSoundInternal              :     flush stream buffer
[LOG] System::createSoundInternal              :     flush successful.
[LOG] System::createSoundInternal              :     switch file handle from small blocking single buffered to large nonblocking doublebuffered.
[LOG] SystemI::createSoundInternal             :     done.  OpenState now = FMOD_OPENSTATE_READY.

[LOG] AsyncThread::threadFunc                  : Finished Asynchronous operation on sound 000000000C62D258
[LOG] AsyncThread::threadFunc                  : Starting Asynchronous operation on sound 000000000C62E298
[LOG] SystemI::createSoundInternal             :     filename = FMOD Project/Build\Desktop/Master Bank.bank : mode 02010082
[LOG] SystemI::createSoundInternal             :     exinfo->cbsize             = 232
[LOG] SystemI::createSoundInternal             :     exinfo->length             = 9424160
[LOG] SystemI::createSoundInternal             :     exinfo->fileoffset         = 25504
[LOG] SystemI::createSoundInternal             :     exinfo->numsubsounds       = 1
[LOG] SystemI::createSoundInternal             :     exinfo->inclusionlist      = 000000003DBBBEE8
[LOG] SystemI::createSoundInternal             :     exinfo->inclusionlistnum   = 1
[LOG] SystemI::createSoundInternal             :     exinfo->suggestedsoundtype = 5
[LOG] SystemI::createSoundInternal             :     exinfo->initialseekpostype = 1
[LOG] SystemI::createSoundInternal             :     Format has 1 subsounds.
[LOG] SystemI::createSoundInternal             :     Create as FMOD_CREATESTREAM
[LOG] System::createSoundInternal              :     decode buffersize = 19200 : blocksize = 256 : format = 2
[LOG] SystemI::createSample                    :     mode 02010082 length 19200 samples, lengthbytes 1192896
[LOG] SystemI::createSample                    :     channels = 2
[LOG] SystemI::createSample                    :     output = 000000003D95CA98
[LOG] OutputSoftware::createSample             :     lengthpcm 19200, lengthbytes 1192896, channels 2, format 2, freq 48000, mode 0201008a
[LOG] System::createSoundInternal              :     1 subsounds detected.
[LOG] System::createSoundInternal              :     Seek stream to start
[LOG] System::createSoundInternal              :     flush stream buffer
[LOG] System::createSoundInternal              :     flush successful.
[LOG] System::createSoundInternal              :     switch file handle from small blocking single buffered to large nonblocking doublebuffered.
[LOG] SystemI::createSoundInternal             :     done.  OpenState now = FMOD_OPENSTATE_READY.

[LOG] AsyncThread::threadFunc                  : Finished Asynchronous operation on sound 000000000C62E298
[LOG] SoundI::getSubSound                      : sound 000000000C62D738.  Subsound index 0 / 1
[LOG] SoundI::getSubSound                      : sound 000000000C62D598.  Subsound index 0 / 1
[LOG] SoundI::getSubSound                      : sound 000000000C62E778.  Subsound index 0 / 1
[LOG] SoundI::getSubSound                      : sound 000000000C62DC18.  Subsound index 0 / 1
[LOG] SoundI::getSubSound                      : sound 000000000C62CBD8.  Subsound index 0 / 1
[LOG] SoundI::getSubSound                      : sound 000000000C62CF18.  Subsound index 0 / 1
[LOG] SoundI::getSubSound                      : sound 000000000C62E438.  Subsound index 0 / 1
[LOG] SoundI::getSubSound                      : sound 000000000C62D258.  Subsound index 0 / 1
[LOG] SoundI::getSubSound                      : sound 000000000C62E298.  Subsound index 0 / 1
[LOG] SoundI::release                          : Percus + Marimba + pizz (000000000C62E298)
[LOG] SoundI::release                          : remove stream samples. (000000000C62E298)
[LOG] SoundI::release                          :     Percus + Marimba + pizz (000000002D166FD8)
[LOG] SoundI::release                          : release subsounds. (000000000C62E298)
[LOG] SoundI::release                          :     Percus + Marimba + pizz (00000000181B69F8)
[LOG] SoundI::release                          : release codec. (000000000C62E298)
[LOG] SoundI::release                          : transitions (000000000C62D258)
[LOG] SoundI::release                          : remove stream samples. (000000000C62D258)
[LOG] SoundI::release                          :     transitions (000000002D166998)
[LOG] SoundI::release                          : release subsounds. (000000000C62D258)
[LOG] SoundI::release                          :     transitions (00000000181B66B8)
[LOG] SoundI::release                          : release codec. (000000000C62D258)
[LOG] SoundI::release                          : Crotales etc (000000000C62E438)
[LOG] SoundI::release                          : remove stream samples. (000000000C62E438)
[LOG] SoundI::release                          :     Crotales etc (000000002D166808)
[LOG] SoundI::release                          : release subsounds. (000000000C62E438)
[LOG] SoundI::release                          :     Crotales etc (00000000181B6518)
[LOG] SoundI::release                          : release codec. (000000000C62E438)
[LOG] SoundI::release                          : SOM sine (000000000C62CF18)
[LOG] SoundI::release                          : remove stream samples. (000000000C62CF18)
[LOG] SoundI::release                          :     SOM sine (000000002D168108)
[LOG] SoundI::release                          : release subsounds. (000000000C62CF18)
[LOG] SoundI::release                          :     SOM sine (00000000181B7A38)
[LOG] SoundI::release                          : release codec. (000000000C62CF18)
[LOG] SoundI::release                          : mel1 (000000000C62CBD8)
[LOG] SoundI::release                          : remove stream samples. (000000000C62CBD8)
[LOG] SoundI::release                          :     mel1 (000000002D166E48)
[LOG] SoundI::release                          : release subsounds. (000000000C62CBD8)
[LOG] SoundI::release                          :     mel1 (00000000181B7898)
[LOG] SoundI::release                          : release codec. (000000000C62CBD8)
[LOG] SoundI::release                          : mel2 + harmo (000000000C62DC18)
[LOG] SoundI::release                          : remove stream samples. (000000000C62DC18)
[LOG] SoundI::release                          :     mel2 + harmo (000000002D1664E8)
[LOG] SoundI::release                          : release subsounds. (000000000C62DC18)
[LOG] SoundI::release                          :     mel2 + harmo (00000000181B76F8)
[LOG] SoundI::release                          : release codec. (000000000C62DC18)
[LOG] SoundI::release                          : Piano + electric (000000000C62E778)
[LOG] SoundI::release                          : remove stream samples. (000000000C62E778)
[LOG] SoundI::release                          :     Piano + electric (000000002D166CB8)
[LOG] SoundI::release                          : release subsounds. (000000000C62E778)
[LOG] SoundI::release                          :     Piano + electric (00000000181B73B8)
[LOG] SoundI::release                          : release codec. (000000000C62E778)
[LOG] SoundI::release                          : Voice + pad + mark (000000000C62D598)
[LOG] SoundI::release                          : remove stream samples. (000000000C62D598)
[LOG] SoundI::release                          :     Voice + pad + mark (000000002D167F78)
[LOG] SoundI::release                          : release subsounds. (000000000C62D598)
[LOG] SoundI::release                          :     Voice + pad + mark (00000000181B7078)
[LOG] SoundI::release                          : release codec. (000000000C62D598)
[LOG] SoundI::release                          : zelda strings (000000000C62D738)
[LOG] SoundI::release                          : remove stream samples. (000000000C62D738)
[LOG] SoundI::release                          :     zelda strings (000000002D166678)
[LOG] SoundI::release                          : release subsounds. (000000000C62D738)
[LOG] SoundI::release                          :     zelda strings (00000000181B8258)
[LOG] SoundI::release                          : release codec. (000000000C62D738)
[LOG] Thread::callback                         : * FMOD Studio update thread finished
[LOG] Thread::close                            : FMOD Studio update thread thread destroyed
[LOG] Thread::callback                         : * FMOD Studio bank load thread finished
[LOG] Thread::close                            : FMOD Studio bank load thread thread destroyed
[LOG] Profile::disconnectAll                   : Profiler disconnecting all clients
[LOG] Thread::callback                         : * FMOD Studio sample load thread finished
[LOG] Thread::close                            : FMOD Studio sample load thread thread destroyed
[LOG] LiveUpdate::release                      : 
[LOG] LiveUpdate::reset                        : Reset connection (reason Disconnected)
[LOG] SystemI::close                           : 
[LOG] SystemI::close                           : Stop all sounds
[LOG] Thread::callback                         : * FMOD stream thread finished
[LOG] Thread::close                            : FMOD stream thread thread destroyed
[LOG] SystemI::close                           : Stream thread destroyed
[LOG] Thread::callback                         : * FMOD mixer thread finished
[LOG] Thread::close                            : FMOD mixer thread thread destroyed
[LOG] SystemI::close                           : Free master channel group.
[LOG] SystemI::close                           : Remove 'master' sound group.
[LOG] SystemI::close                           : Free software output.
[LOG] SystemI::close                           : Free emulated output.
[LOG] SystemI::close                           : Free channel pool.
[LOG] Thread::callback                         : * FMOD nonblocking thread (0) finished
[LOG] Thread::close                            : FMOD nonblocking thread (0) thread destroyed
[LOG] Thread::callback                         : * FMOD file thread finished
[LOG] Thread::close                            : FMOD file thread thread destroyed
[LOG] SystemI::close                           : done.

